#
# A fatal error has been detected by the Java Runtime Environment:
#
#  EXCEPTION_ACCESS_VIOLATION (0xc0000005) at pc=0x00007ff86c31c8f8, pid=3812, tid=5064
#
# JRE version: OpenJDK Runtime Environment Temurin-17.0.7+7 (17.0.7+7) (build 17.0.7+7)
# Java VM: OpenJDK 64-Bit Server VM Temurin-17.0.7+7 (17.0.7+7, mixed mode, tiered, compressed oops, compressed class ptrs, parallel gc, windows-amd64)
# Problematic frame:
# V  [jvm.dll+0xc8f8]
#
# No core dump will be written. Minidumps are not enabled by default on client versions of Windows
#
# If you would like to submit a bug report, please visit:
#   https://github.com/adoptium/adoptium-support/issues
#

---------------  S U M M A R Y ------------

Command Line: --add-modules=ALL-SYSTEM --add-opens=java.base/java.util=ALL-UNNAMED --add-opens=java.base/java.lang=ALL-UNNAMED --add-opens=java.base/sun.nio.fs=ALL-UNNAMED -Declipse.application=org.eclipse.jdt.ls.core.id1 -Dosgi.bundles.defaultStartLevel=4 -Declipse.product=org.eclipse.jdt.ls.core.product -Djava.import.generatesMetadataFilesAtProjectRoot=false -Dfile.encoding=utf8 -XX:+UseParallelGC -XX:GCTimeRatio=4 -XX:AdaptiveSizePolicyWeight=90 -Dsun.zip.disableMemoryMapping=true -Xmx1G -Xms100m -Xlog:disable -javaagent:c:\Users\aisla\.vscode\extensions\redhat.java-1.18.0-win32-x64\lombok\lombok-1.18.27.jar -XX:+HeapDumpOnOutOfMemoryError -XX:HeapDumpPath=c:\Users\aisla\AppData\Roaming\Code\User\workspaceStorage\81b473d69731b556923cd97e256f007c\redhat.java -Daether.dependencyCollector.impl=bf c:\Users\aisla\.vscode\extensions\redhat.java-1.18.0-win32-x64\server\plugins\org.eclipse.equinox.launcher_1.6.400.v20210924-0641.jar -configuration c:\Users\aisla\AppData\Roaming\Code\User\globalStorage\redhat.java\1.18.0\config_win -data c:\Users\aisla\AppData\Roaming\Code\User\workspaceStorage\81b473d69731b556923cd97e256f007c\redhat.java\jdt_ws

Host: Intel(R) Core(TM) i5-2450M CPU @ 2.50GHz, 4 cores, 7G,  Windows 10 , 64 bit Build 19041 (10.0.19041.2913)
Time: Sun May 28 22:19:12 2023 Hora oficial do Brasil elapsed time: 25734.120841 seconds (0d 7h 8m 54s)

---------------  T H R E A D  ---------------

Current thread (0x0000019fcd2c2490):  GCTaskThread "GC Thread#0" [stack: 0x0000004193a00000,0x0000004193b00000] [id=5064]

Stack: [0x0000004193a00000,0x0000004193b00000],  sp=0x0000004193affb78,  free space=1022k
Native frames: (J=compiled Java code, j=interpreted, Vv=VM code, C=native code)
V  [jvm.dll+0xc8f8]


siginfo: EXCEPTION_ACCESS_VIOLATION (0xc0000005), reading address 0x0000000000000008


Register to memory mapping:

RIP=0x00007ff86c31c8f8 jvm.dll
RAX=0x0000000000000001 is an unknown value
RBX=0x0000002beb0a1ad8 is an unknown value
RCX=0x0000000000000003 is an unknown value
RDX=0x00000000eb0a3ec4 points into unknown readable memory: d8 1a 0a eb
RSP=0x0000004193affb78 points into unknown readable memory: 0x00007ff86c9c42e6 | e6 42 9c 6c f8 7f 00 00
RBP=0x0000004193affbf8 points into unknown readable memory: 0x000000000000000c | 0c 00 00 00 00 00 00 00
RSI=0x00000000c8ad3d88 is pointing into object: java.util.HashMap$Node 
{0x00000000c8ad3d78} - klass: 'java/util/HashMap$Node'
 - ---- fields (total size 4 words):
 - final 'hash' 'I' @12  -1809839381 (94200aeb)
 - final 'key' 'Ljava/lang/Object;' @16  
[error occurred during error reporting (printing register info), id 0xc0000005, EXCEPTION_ACCESS_VIOLATION (0xc0000005) at pc=0x00007ff86c973b93]

Registers:
RAX=0x0000000000000001, RBX=0x0000002beb0a1ad8, RCX=0x0000000000000003, RDX=0x00000000eb0a3ec4
RSP=0x0000004193affb78, RBP=0x0000004193affbf8, RSI=0x00000000c8ad3d88, RDI=0x0000019fe10b2c80
R8 =0x0000000000000000, R9 =0x00007ff86ce24710, R10=0x0000000000000000, R11=0x0000019fe10b2c80
R12=0x0000000000000000, R13=0x0000000000000010, R14=0x00000000eb0a3ec4, R15=0x0000019fe10b2c80
RIP=0x00007ff86c31c8f8, EFLAGS=0x0000000000010246

Top of Stack: (sp=0x0000004193affb78)
0x0000004193affb78:   00007ff86c9c42e6 0000000000000001
0x0000004193affb88:   0000000000000003 0000004193affc48
0x0000004193affb98:   00007ff86c992503 00007ff86ccbf770
0x0000004193affba8:   0000019fcd2bb1f0 00000000c8ad3350
0x0000004193affbb8:   0000000000000400 00000000eb14e900
0x0000004193affbc8:   00007ff86c9c47f0 0000000000000001
0x0000004193affbd8:   0000000000000008 00000000c8ad3350
0x0000004193affbe8:   0000000000000400 0000000000000010
0x0000004193affbf8:   000000000000000c 0000000000000002
0x0000004193affc08:   0000000000000000 00000000c8ad3d88
0x0000004193affc18:   0000002beb0a1ad8 0000000000000000
0x0000004193affc28:   00007ff86c9c51e0 0000019fe10b2c80
0x0000004193affc38:   0000000000000400 0000002beb0a1ad8
0x0000004193affc48:   0000004193bff168 000ef16500012ad3
0x0000004193affc58:   0000000000000005 00000000c0000000
0x0000004193affc68:   0000004193bff168 0000000000000002 

Instructions: (pc=0x00007ff86c31c8f8)
0x00007ff86c31c7f8:   48 83 c4 20 5e c3 cc cc 48 8b 01 c3 cc cc cc cc
0x00007ff86c31c808:   cc cc cc cc cc cc cc cc 4c 8b 01 4c 8b c9 48 8b
0x00007ff86c31c818:   0d f3 e4 b4 00 ba 44 60 08 00 e9 59 f2 ff ff cc
0x00007ff86c31c828:   cc cc cc cc cc cc cc cc 48 89 5c 24 08 57 48 83
0x00007ff86c31c838:   ec 20 48 8b 39 48 8b d9 48 85 3d 71 c6 b9 00 75
0x00007ff86c31c848:   0e 48 8b c7 48 8b 5c 24 30 48 83 c4 20 5f c3 48
0x00007ff86c31c858:   8b cf e8 81 87 85 00 48 8b d0 48 85 c0 74 20 48
0x00007ff86c31c868:   8b c7 f0 48 0f b1 13 74 16 48 85 05 40 c6 b9 00
0x00007ff86c31c878:   74 0d 48 8b c8 f0 48 0f b1 13 48 3b c1 75 ea 48
0x00007ff86c31c888:   8b 5c 24 30 48 8b c2 48 83 c4 20 5f c3 cc cc cc
0x00007ff86c31c898:   cc cc cc cc cc cc cc cc 4c 8b 01 4c 8b c9 48 8b
0x00007ff86c31c8a8:   0d 63 e4 b4 00 ba 64 60 08 00 e9 c9 f1 ff ff cc
0x00007ff86c31c8b8:   cc cc cc cc cc cc cc cc 8b 05 32 2a af 00 c3 cc
0x00007ff86c31c8c8:   cc cc cc cc cc cc cc cc 0f b6 05 b8 ec b5 00 48
0x00007ff86c31c8d8:   8b d1 84 c0 74 16 44 8b 41 08 8b 0d 10 2a af 00
0x00007ff86c31c8e8:   49 d3 e0 4c 03 05 fe 29 af 00 eb 04 4c 8b 41 08
0x00007ff86c31c8f8:   45 8b 50 08 45 85 d2 7e 0e 41 f6 c2 01 75 53 41
0x00007ff86c31c908:   c1 fa 03 41 8b c2 c3 79 49 84 c0 b9 10 00 00 00
0x00007ff86c31c918:   8b 05 16 39 af 00 41 b8 0c 00 00 00 41 0f 45 c8
0x00007ff86c31c928:   ff c8 4c 63 c8 48 63 14 11 41 8b ca 83 e1 3f 48
0x00007ff86c31c938:   d3 e2 41 8b ca 48 c1 f9 10 0f b6 c1 49 8d 0c 11
0x00007ff86c31c948:   49 f7 d1 48 03 c1 49 c1 e9 03 48 c1 e8 03 41 23
0x00007ff86c31c958:   c1 c3 49 8b 00 49 8b c8 48 ff a0 00 01 00 00 cc
0x00007ff86c31c968:   cc cc cc cc cc cc cc cc 8b 44 24 30 45 03 c9 44
0x00007ff86c31c978:   2b 4c 24 28 83 c0 0b 44 03 ca 45 03 c8 41 03 c1
0x00007ff86c31c988:   c3 cc cc cc cc cc cc cc 4c 8b ca 48 8b d1 45 8b
0x00007ff86c31c998:   41 08 45 85 c0 7e 0e 41 f6 c0 01 75 56 41 c1 f8
0x00007ff86c31c9a8:   03 41 8b c0 c3 79 4c 80 3d d9 eb b5 00 00 b8 0c
0x00007ff86c31c9b8:   00 00 00 b9 10 00 00 00 0f 45 c8 8b 05 6b 38 af
0x00007ff86c31c9c8:   00 ff c8 4c 63 c8 48 63 14 11 41 8b c8 83 e1 3f
0x00007ff86c31c9d8:   48 d3 e2 41 8b c8 48 c1 f9 10 0f b6 c1 49 8d 0c
0x00007ff86c31c9e8:   11 49 f7 d1 48 03 c1 49 c1 e9 03 48 c1 e8 03 41 


Stack slot to memory mapping:
stack at sp + 0 slots: 0x00007ff86c9c42e6 jvm.dll
stack at sp + 1 slots: 0x0000000000000001 is an unknown value
stack at sp + 2 slots: 0x0000000000000003 is an unknown value
stack at sp + 3 slots: 0x0000004193affc48 points into unknown readable memory: 0x0000004193bff168 | 68 f1 bf 93 41 00 00 00
stack at sp + 4 slots: 0x00007ff86c992503 jvm.dll
stack at sp + 5 slots: 0x00007ff86ccbf770 jvm.dll
stack at sp + 6 slots: 0x0000019fcd2bb1f0 points into unknown readable memory: 0x00007ff86ccc12e0 | e0 12 cc 6c f8 7f 00 00
stack at sp + 7 slots: 0x00000000c8ad3350 is an oop: org.eclipse.jdt.internal.compiler.util.SimpleSetOfCharArray 
{0x00000000c8ad3350} - klass: 'org/eclipse/jdt/internal/compiler/util/SimpleSetOfCharArray'
 - ---- fields (total size 3 words):
 - public 'elementSize' 'I' @12  1
 - public 'threshold' 'I' @16  4
 - public 'values' '[[C' @20  a {type array char}[7] {0x00000000c8ad3368} (c8ad3368)


---------------  P R O C E S S  ---------------

Threads class SMR info:
_java_thread_list=0x0000019ff4f8eba0, length=32, elements={
0x0000019fcd2aa180, 0x0000019fe10cc750, 0x0000019fe10d0190, 0x0000019fe110a140,
0x0000019fe110aec0, 0x0000019fe110db50, 0x0000019fe110f580, 0x0000019fe1110170,
0x0000019fe6373920, 0x0000019fe63765e0, 0x0000019fe0fc0ef0, 0x0000019fe65ffde0,
0x0000019fe6dab060, 0x0000019fe6da84c0, 0x0000019fe70ba470, 0x0000019fe6941030,
0x0000019fe6b7f440, 0x0000019fe71e7880, 0x0000019fe71e6070, 0x0000019fe71e6ee0,
0x0000019fe71e8bc0, 0x0000019fe83dabc0, 0x0000019fe83de580, 0x0000019fe90cbfa0,
0x0000019fe81ffc20, 0x0000019fe81fd0d0, 0x0000019fe8201900, 0x0000019fe8202770,
0x0000019fe81fe8e0, 0x0000019fe8203f80, 0x0000019fe82035e0, 0x0000019fe8201430
}

Java Threads: ( => current thread )
  0x0000019fcd2aa180 JavaThread "main" [_thread_blocked, id=9152, stack(0x0000004193900000,0x0000004193a00000)]
  0x0000019fe10cc750 JavaThread "Reference Handler" daemon [_thread_blocked, id=1992, stack(0x0000004193c00000,0x0000004193d00000)]
  0x0000019fe10d0190 JavaThread "Finalizer" daemon [_thread_blocked, id=3224, stack(0x0000004193d00000,0x0000004193e00000)]
  0x0000019fe110a140 JavaThread "Signal Dispatcher" daemon [_thread_blocked, id=9028, stack(0x0000004193e00000,0x0000004193f00000)]
  0x0000019fe110aec0 JavaThread "Attach Listener" daemon [_thread_blocked, id=10624, stack(0x0000004193f00000,0x0000004194000000)]
  0x0000019fe110db50 JavaThread "Service Thread" daemon [_thread_blocked, id=9120, stack(0x0000004194000000,0x0000004194100000)]
  0x0000019fe110f580 JavaThread "Monitor Deflation Thread" daemon [_thread_blocked, id=984, stack(0x0000004194100000,0x0000004194200000)]
  0x0000019fe1110170 JavaThread "C2 CompilerThread0" daemon [_thread_blocked, id=7372, stack(0x0000004194200000,0x0000004194300000)]
  0x0000019fe6373920 JavaThread "C1 CompilerThread0" daemon [_thread_blocked, id=6404, stack(0x0000004194300000,0x0000004194400000)]
  0x0000019fe63765e0 JavaThread "Sweeper thread" daemon [_thread_blocked, id=13224, stack(0x0000004194400000,0x0000004194500000)]
  0x0000019fe0fc0ef0 JavaThread "Common-Cleaner" daemon [_thread_blocked, id=11320, stack(0x0000004194500000,0x0000004194600000)]
  0x0000019fe65ffde0 JavaThread "Notification Thread" daemon [_thread_blocked, id=8188, stack(0x0000004194600000,0x0000004194700000)]
  0x0000019fe6dab060 JavaThread "Active Thread: Equinox Container: b3cc441c-f183-4d72-a4d4-a54efe662fdd" [_thread_blocked, id=11984, stack(0x0000004194c00000,0x0000004194d00000)]
  0x0000019fe6da84c0 JavaThread "Framework Event Dispatcher: Equinox Container: b3cc441c-f183-4d72-a4d4-a54efe662fdd" daemon [_thread_blocked, id=7540, stack(0x0000004194b00000,0x0000004194c00000)]
  0x0000019fe70ba470 JavaThread "Start Level: Equinox Container: b3cc441c-f183-4d72-a4d4-a54efe662fdd" daemon [_thread_blocked, id=10828, stack(0x0000004194d00000,0x0000004194e00000)]
  0x0000019fe6941030 JavaThread "SCR Component Actor" daemon [_thread_blocked, id=10812, stack(0x0000004194e00000,0x0000004194f00000)]
  0x0000019fe6b7f440 JavaThread "Worker-JM" [_thread_blocked, id=1196, stack(0x0000004195000000,0x0000004195100000)]
  0x0000019fe71e7880 JavaThread "Java indexing" daemon [_thread_blocked, id=9808, stack(0x0000004194f00000,0x0000004195000000)]
  0x0000019fe71e6070 JavaThread "JNA Cleaner" daemon [_thread_blocked, id=10636, stack(0x0000004195600000,0x0000004195700000)]
  0x0000019fe71e6ee0 JavaThread "pool-2-thread-1" [_thread_blocked, id=10968, stack(0x0000004195300000,0x0000004195400000)]
  0x0000019fe71e8bc0 JavaThread "pool-1-thread-1" [_thread_in_native, id=10028, stack(0x0000004195700000,0x0000004195800000)]
  0x0000019fe83dabc0 JavaThread "Bundle File Closer" daemon [_thread_blocked, id=2188, stack(0x0000004195800000,0x0000004195900000)]
  0x0000019fe83de580 JavaThread "Worker-16" [_thread_blocked, id=1780, stack(0x0000004195c00000,0x0000004195d00000)]
  0x0000019fe90cbfa0 JavaThread "Worker-20" [_thread_blocked, id=9172, stack(0x0000004195b00000,0x0000004195c00000)]
  0x0000019fe81ffc20 JavaThread "ForkJoinPool.commonPool-worker-25" daemon [_thread_blocked, id=532, stack(0x0000004193700000,0x0000004193800000)]
  0x0000019fe81fd0d0 JavaThread "ForkJoinPool.commonPool-worker-26" daemon [_thread_blocked, id=4484, stack(0x0000004193800000,0x0000004193900000)]
  0x0000019fe8201900 JavaThread "ForkJoinPool.commonPool-worker-27" daemon [_thread_blocked, id=9740, stack(0x0000004195100000,0x0000004195200000)]
  0x0000019fe8202770 JavaThread "ForkJoinPool.commonPool-worker-28" daemon [_thread_blocked, id=3044, stack(0x0000004195200000,0x0000004195300000)]
  0x0000019fe81fe8e0 JavaThread "ForkJoinPool.commonPool-worker-29" daemon [_thread_blocked, id=11628, stack(0x0000004195400000,0x0000004195500000)]
  0x0000019fe8203f80 JavaThread "ForkJoinPool.commonPool-worker-30" daemon [_thread_blocked, id=2300, stack(0x0000004195500000,0x0000004195600000)]
  0x0000019fe82035e0 JavaThread "ForkJoinPool.commonPool-worker-31" daemon [_thread_blocked, id=6792, stack(0x0000004195900000,0x0000004195a00000)]
  0x0000019fe8201430 JavaThread "Worker-24: Publish Diagnostics" [_thread_blocked, id=11588, stack(0x0000004195a00000,0x0000004195b00000)]

Other Threads:
  0x0000019fe10b5710 VMThread "VM Thread" [stack: 0x0000004193b00000,0x0000004193c00000] [id=9540]
  0x0000019fe6600ab0 WatcherThread [stack: 0x0000004194700000,0x0000004194800000] [id=11296]
=>0x0000019fcd2c2490 GCTaskThread "GC Thread#0" [stack: 0x0000004193a00000,0x0000004193b00000] [id=5064]
  0x0000019fe6cbc1c0 GCTaskThread "GC Thread#1" [stack: 0x0000004194800000,0x0000004194900000] [id=6420]
  0x0000019fe6c5b160 GCTaskThread "GC Thread#2" [stack: 0x0000004194900000,0x0000004194a00000] [id=6080]
  0x0000019fe6c5b410 GCTaskThread "GC Thread#3" [stack: 0x0000004194a00000,0x0000004194b00000] [id=9872]

Threads with active compile tasks:
C2 CompilerThread0  25734198 26201       4       org.eclipse.jdt.internal.compiler.lookup.CompilationUnitScope::buildTypeBindings (697 bytes)

VM state: at safepoint (normal execution)

VM Mutex/Monitor currently owned by a thread:  ([mutex/lock_event])
[0x0000019fcd2a7260] Threads_lock - owner thread: 0x0000019fe10b5710
[0x0000019fcd2a6600] Heap_lock - owner thread: 0x0000019fe8201430

Heap address: 0x00000000c0000000, size: 1024 MB, Compressed Oops mode: 32-bit

CDS archive(s) not mapped
Compressed class space mapped at: 0x0000000100000000-0x0000000140000000, reserved size: 1073741824
Narrow klass base: 0x0000000000000000, Narrow klass shift: 3, Narrow klass range: 0x140000000

GC Precious Log:
 CPUs: 4 total, 4 available
 Memory: 8139M
 Large Page Support: Disabled
 NUMA Support: Disabled
 Compressed Oops: Enabled (32-bit)
 Alignments: Space 512K, Generation 512K, Heap 2M
 Heap Min Capacity: 100M
 Heap Initial Capacity: 100M
 Heap Max Capacity: 1G
 Pre-touch: Disabled
 Parallel Workers: 4

Heap:
 PSYoungGen      total 2560K, used 2432K [0x00000000eab00000, 0x00000000eb180000, 0x0000000100000000)
  eden space 2048K, 100% used [0x00000000eab00000,0x00000000ead00000,0x00000000ead00000)
  from space 512K, 75% used [0x00000000eb080000,0x00000000eb0e0000,0x00000000eb100000)
  to   space 512K, 86% used [0x00000000eb100000,0x00000000eb16e900,0x00000000eb180000)
 ParOldGen       total 196608K, used 142244K [0x00000000c0000000, 0x00000000cc000000, 0x00000000eab00000)
  object space 196608K, 72% used [0x00000000c0000000,0x00000000c8ae9350,0x00000000cc000000)
 Metaspace       used 95159K, committed 96640K, reserved 1179648K
  class space    used 9408K, committed 9984K, reserved 1048576K

Card table byte_map: [0x0000019fccc60000,0x0000019fcce70000] _byte_map_base: 0x0000019fcc660000

Marking Bits: (ParMarkBitMap*) 0x00007ff86ce952c0
 Begin Bits: [0x0000019fdef40000, 0x0000019fdff40000)
 End Bits:   [0x0000019fdff40000, 0x0000019fe0f40000)

Polling page: 0x0000019fcb120000

Metaspace:

Usage:
  Non-class:     83.74 MB used.
      Class:      9.19 MB used.
       Both:     92.93 MB used.

Virtual space:
  Non-class space:      128.00 MB reserved,      84.62 MB ( 66%) committed,  2 nodes.
      Class space:        1.00 GB reserved,       9.75 MB ( <1%) committed,  1 nodes.
             Both:        1.12 GB reserved,      94.38 MB (  8%) committed. 

Chunk freelists:
   Non-Class:  11.49 MB
       Class:  6.36 MB
        Both:  17.84 MB

MaxMetaspaceSize: unlimited
CompressedClassSpaceSize: 1.00 GB
Initial GC threshold: 21.00 MB
Current GC threshold: 157.31 MB
CDS: off
MetaspaceReclaimPolicy: balanced
 - commit_granule_bytes: 65536.
 - commit_granule_words: 8192.
 - virtual_space_node_default_size: 8388608.
 - enlarge_chunks_in_place: 1.
 - new_chunks_are_fully_committed: 0.
 - uncommit_free_chunks: 1.
 - use_allocation_guard: 0.
 - handle_deallocations: 1.


Internal statistics:

num_allocs_failed_limit: 9.
num_arena_births: 1144.
num_arena_deaths: 406.
num_vsnodes_births: 3.
num_vsnodes_deaths: 0.
num_space_committed: 1510.
num_space_uncommitted: 0.
num_chunks_returned_to_freelist: 521.
num_chunks_taken_from_freelist: 5387.
num_chunk_merges: 152.
num_chunk_splits: 3116.
num_chunks_enlarged: 1640.
num_inconsistent_stats: 0.

CodeHeap 'non-profiled nmethods': size=120000Kb used=23074Kb max_used=23074Kb free=96925Kb
 bounds [0x0000019fd7a10000, 0x0000019fd90b0000, 0x0000019fdef40000]
CodeHeap 'profiled nmethods': size=120000Kb used=41897Kb max_used=41897Kb free=78102Kb
 bounds [0x0000019fcff40000, 0x0000019fd2840000, 0x0000019fd7470000]
CodeHeap 'non-nmethods': size=5760Kb used=1439Kb max_used=1534Kb free=4320Kb
 bounds [0x0000019fd7470000, 0x0000019fd76e0000, 0x0000019fd7a10000]
 total_blobs=19923 nmethods=19132 adapters=698
 compilation: enabled
              stopped_count=0, restarted_count=0
 full_count=0

Compilation events (20 events):
Event: 25723.648 Thread 0x0000019fe6373920 26193       3       org.eclipse.m2e.core.internal.project.registry.ProjectRegistryManager::getProject (13 bytes)
Event: 25723.648 Thread 0x0000019fe6373920 nmethod 26193 0x0000019fd282ba10 code [0x0000019fd282bbe0, 0x0000019fd282c098]
Event: 25723.672 Thread 0x0000019fe1110170 nmethod 26191 0x0000019fd9027a10 code [0x0000019fd9027c20, 0x0000019fd90288c8]
Event: 25723.814 Thread 0x0000019fe6373920 26195       3       java.util.concurrent.ConcurrentHashMap$KeySetView::iterator (34 bytes)
Event: 25723.815 Thread 0x0000019fe6373920 nmethod 26195 0x0000019fd282c290 code [0x0000019fd282c440, 0x0000019fd282c668]
Event: 25723.815 Thread 0x0000019fe6373920 26196       3       java.util.concurrent.ConcurrentHashMap$KeyIterator::<init> (12 bytes)
Event: 25723.815 Thread 0x0000019fe6373920 nmethod 26196 0x0000019fd282c790 code [0x0000019fd282c920, 0x0000019fd282ca68]
Event: 25723.820 Thread 0x0000019fe6373920 26197       3       org.eclipse.jdt.internal.core.JavaElementDelta::changed (22 bytes)
Event: 25723.820 Thread 0x0000019fe6373920 nmethod 26197 0x0000019fd282cb10 code [0x0000019fd282cd00, 0x0000019fd282d138]
Event: 25733.222 Thread 0x0000019fe1110170 26198   !   4       org.eclipse.jdt.internal.core.JavaProject::validateExistence (29 bytes)
Event: 25733.519 Thread 0x0000019fe1110170 nmethod 26198 0x0000019fd9026990 code [0x0000019fd9026ba0, 0x0000019fd9027200]
Event: 25733.570 Thread 0x0000019fe1110170 26199       4       org.eclipse.jdt.internal.compiler.lookup.ClassScope::connectSuperInterfaces (479 bytes)
Event: 25733.651 Thread 0x0000019fe6373920 26200       3       org.eclipse.jdt.internal.core.builder.ClasspathLocation::forBinaryFolder (14 bytes)
Event: 25733.651 Thread 0x0000019fe6373920 nmethod 26200 0x0000019fd282d310 code [0x0000019fd282d4c0, 0x0000019fd282d668]
Event: 25733.836 Thread 0x0000019fe1110170 nmethod 26199 0x0000019fd901fa10 code [0x0000019fd901fd80, 0x0000019fd9024488]
Event: 25733.836 Thread 0x0000019fe1110170 26202       4       org.eclipse.jdt.internal.compiler.lookup.LookupEnvironment::createPlainPackage (341 bytes)
Event: 25734.053 Thread 0x0000019fe6373920 26203   !   3       org.eclipse.jdt.internal.compiler.parser.diagnose.DiagnoseParser::diagnoseParse (1303 bytes)
Event: 25734.062 Thread 0x0000019fe6373920 nmethod 26203 0x0000019fd282d790 code [0x0000019fd282ddc0, 0x0000019fd28314c8]
Event: 25734.079 Thread 0x0000019fe1110170 nmethod 26202 0x0000019fd901a010 code [0x0000019fd901a380, 0x0000019fd901d690]
Event: 25734.079 Thread 0x0000019fe1110170 26201       4       org.eclipse.jdt.internal.compiler.lookup.CompilationUnitScope::buildTypeBindings (697 bytes)

GC Heap History (20 events):
Event: 25733.540 GC heap after
{Heap after GC invocations=6153 (full 105):
 PSYoungGen      total 4096K, used 1824K [0x00000000eab00000, 0x00000000eb480000, 0x0000000100000000)
  eden space 2048K, 0% used [0x00000000eab00000,0x00000000eab00000,0x00000000ead00000)
  from space 2048K, 89% used [0x00000000eb280000,0x00000000eb448000,0x00000000eb480000)
  to   space 3072K, 0% used [0x00000000eae80000,0x00000000eae80000,0x00000000eb180000)
 ParOldGen       total 196608K, used 136725K [0x00000000c0000000, 0x00000000cc000000, 0x00000000eab00000)
  object space 196608K, 69% used [0x00000000c0000000,0x00000000c8585650,0x00000000cc000000)
 Metaspace       used 95159K, committed 96640K, reserved 1179648K
  class space    used 9408K, committed 9984K, reserved 1048576K
}
Event: 25733.559 GC heap before
{Heap before GC invocations=6154 (full 105):
 PSYoungGen      total 4096K, used 3871K [0x00000000eab00000, 0x00000000eb480000, 0x0000000100000000)
  eden space 2048K, 99% used [0x00000000eab00000,0x00000000eacfffe8,0x00000000ead00000)
  from space 2048K, 89% used [0x00000000eb280000,0x00000000eb448000,0x00000000eb480000)
  to   space 3072K, 0% used [0x00000000eae80000,0x00000000eae80000,0x00000000eb180000)
 ParOldGen       total 196608K, used 136725K [0x00000000c0000000, 0x00000000cc000000, 0x00000000eab00000)
  object space 196608K, 69% used [0x00000000c0000000,0x00000000c8585650,0x00000000cc000000)
 Metaspace       used 95159K, committed 96640K, reserved 1179648K
  class space    used 9408K, committed 9984K, reserved 1048576K
}
Event: 25733.563 GC heap after
{Heap after GC invocations=6154 (full 105):
 PSYoungGen      total 3584K, used 1236K [0x00000000eab00000, 0x00000000eb300000, 0x0000000100000000)
  eden space 2048K, 0% used [0x00000000eab00000,0x00000000eab00000,0x00000000ead00000)
  from space 1536K, 80% used [0x00000000eae80000,0x00000000eafb5200,0x00000000eb000000)
  to   space 2048K, 0% used [0x00000000eb100000,0x00000000eb100000,0x00000000eb300000)
 ParOldGen       total 196608K, used 138485K [0x00000000c0000000, 0x00000000cc000000, 0x00000000eab00000)
  object space 196608K, 70% used [0x00000000c0000000,0x00000000c873d650,0x00000000cc000000)
 Metaspace       used 95159K, committed 96640K, reserved 1179648K
  class space    used 9408K, committed 9984K, reserved 1048576K
}
Event: 25733.573 GC heap before
{Heap before GC invocations=6155 (full 105):
 PSYoungGen      total 3584K, used 3284K [0x00000000eab00000, 0x00000000eb300000, 0x0000000100000000)
  eden space 2048K, 100% used [0x00000000eab00000,0x00000000ead00000,0x00000000ead00000)
  from space 1536K, 80% used [0x00000000eae80000,0x00000000eafb5200,0x00000000eb000000)
  to   space 2048K, 0% used [0x00000000eb100000,0x00000000eb100000,0x00000000eb300000)
 ParOldGen       total 196608K, used 138485K [0x00000000c0000000, 0x00000000cc000000, 0x00000000eab00000)
  object space 196608K, 70% used [0x00000000c0000000,0x00000000c873d650,0x00000000cc000000)
 Metaspace       used 95159K, committed 96640K, reserved 1179648K
  class space    used 9408K, committed 9984K, reserved 1048576K
}
Event: 25733.575 GC heap after
{Heap after GC invocations=6155 (full 105):
 PSYoungGen      total 2560K, used 416K [0x00000000eab00000, 0x00000000eb180000, 0x0000000100000000)
  eden space 2048K, 0% used [0x00000000eab00000,0x00000000eab00000,0x00000000ead00000)
  from space 512K, 81% used [0x00000000eb100000,0x00000000eb168000,0x00000000eb180000)
  to   space 1024K, 0% used [0x00000000eaf80000,0x00000000eaf80000,0x00000000eb080000)
 ParOldGen       total 196608K, used 139666K [0x00000000c0000000, 0x00000000cc000000, 0x00000000eab00000)
  object space 196608K, 71% used [0x00000000c0000000,0x00000000c8864850,0x00000000cc000000)
 Metaspace       used 95159K, committed 96640K, reserved 1179648K
  class space    used 9408K, committed 9984K, reserved 1048576K
}
Event: 25733.645 GC heap before
{Heap before GC invocations=6156 (full 105):
 PSYoungGen      total 2560K, used 2464K [0x00000000eab00000, 0x00000000eb180000, 0x0000000100000000)
  eden space 2048K, 100% used [0x00000000eab00000,0x00000000ead00000,0x00000000ead00000)
  from space 512K, 81% used [0x00000000eb100000,0x00000000eb168000,0x00000000eb180000)
  to   space 1024K, 0% used [0x00000000eaf80000,0x00000000eaf80000,0x00000000eb080000)
 ParOldGen       total 196608K, used 139666K [0x00000000c0000000, 0x00000000cc000000, 0x00000000eab00000)
  object space 196608K, 71% used [0x00000000c0000000,0x00000000c8864850,0x00000000cc000000)
 Metaspace       used 95159K, committed 96640K, reserved 1179648K
  class space    used 9408K, committed 9984K, reserved 1048576K
}
Event: 25733.646 GC heap after
{Heap after GC invocations=6156 (full 105):
 PSYoungGen      total 3072K, used 340K [0x00000000eab00000, 0x00000000eb180000, 0x0000000100000000)
  eden space 2048K, 0% used [0x00000000eab00000,0x00000000eab00000,0x00000000ead00000)
  from space 1024K, 33% used [0x00000000eaf80000,0x00000000eafd5200,0x00000000eb080000)
  to   space 512K, 0% used [0x00000000eb100000,0x00000000eb100000,0x00000000eb180000)
 ParOldGen       total 196608K, used 140018K [0x00000000c0000000, 0x00000000cc000000, 0x00000000eab00000)
  object space 196608K, 71% used [0x00000000c0000000,0x00000000c88bc870,0x00000000cc000000)
 Metaspace       used 95159K, committed 96640K, reserved 1179648K
  class space    used 9408K, committed 9984K, reserved 1048576K
}
Event: 25733.663 GC heap before
{Heap before GC invocations=6157 (full 105):
 PSYoungGen      total 3072K, used 2388K [0x00000000eab00000, 0x00000000eb180000, 0x0000000100000000)
  eden space 2048K, 100% used [0x00000000eab00000,0x00000000ead00000,0x00000000ead00000)
  from space 1024K, 33% used [0x00000000eaf80000,0x00000000eafd5200,0x00000000eb080000)
  to   space 512K, 0% used [0x00000000eb100000,0x00000000eb100000,0x00000000eb180000)
 ParOldGen       total 196608K, used 140018K [0x00000000c0000000, 0x00000000cc000000, 0x00000000eab00000)
  object space 196608K, 71% used [0x00000000c0000000,0x00000000c88bc870,0x00000000cc000000)
 Metaspace       used 95159K, committed 96640K, reserved 1179648K
  class space    used 9408K, committed 9984K, reserved 1048576K
}
Event: 25733.665 GC heap after
{Heap after GC invocations=6157 (full 105):
 PSYoungGen      total 2560K, used 458K [0x00000000eab00000, 0x00000000eb180000, 0x0000000100000000)
  eden space 2048K, 0% used [0x00000000eab00000,0x00000000eab00000,0x00000000ead00000)
  from space 512K, 89% used [0x00000000eb100000,0x00000000eb172910,0x00000000eb180000)
  to   space 512K, 0% used [0x00000000eb080000,0x00000000eb080000,0x00000000eb100000)
 ParOldGen       total 196608K, used 140122K [0x00000000c0000000, 0x00000000cc000000, 0x00000000eab00000)
  object space 196608K, 71% used [0x00000000c0000000,0x00000000c88d6870,0x00000000cc000000)
 Metaspace       used 95159K, committed 96640K, reserved 1179648K
  class space    used 9408K, committed 9984K, reserved 1048576K
}
Event: 25733.675 GC heap before
{Heap before GC invocations=6158 (full 105):
 PSYoungGen      total 2560K, used 2506K [0x00000000eab00000, 0x00000000eb180000, 0x0000000100000000)
  eden space 2048K, 100% used [0x00000000eab00000,0x00000000ead00000,0x00000000ead00000)
  from space 512K, 89% used [0x00000000eb100000,0x00000000eb172910,0x00000000eb180000)
  to   space 512K, 0% used [0x00000000eb080000,0x00000000eb080000,0x00000000eb100000)
 ParOldGen       total 196608K, used 140122K [0x00000000c0000000, 0x00000000cc000000, 0x00000000eab00000)
  object space 196608K, 71% used [0x00000000c0000000,0x00000000c88d6870,0x00000000cc000000)
 Metaspace       used 95159K, committed 96640K, reserved 1179648K
  class space    used 9408K, committed 9984K, reserved 1048576K
}
Event: 25733.676 GC heap after
{Heap after GC invocations=6158 (full 105):
 PSYoungGen      total 2560K, used 288K [0x00000000eab00000, 0x00000000eb180000, 0x0000000100000000)
  eden space 2048K, 0% used [0x00000000eab00000,0x00000000eab00000,0x00000000ead00000)
  from space 512K, 56% used [0x00000000eb080000,0x00000000eb0c8000,0x00000000eb100000)
  to   space 512K, 0% used [0x00000000eb100000,0x00000000eb100000,0x00000000eb180000)
 ParOldGen       total 196608K, used 140494K [0x00000000c0000000, 0x00000000cc000000, 0x00000000eab00000)
  object space 196608K, 71% used [0x00000000c0000000,0x00000000c8933a90,0x00000000cc000000)
 Metaspace       used 95159K, committed 96640K, reserved 1179648K
  class space    used 9408K, committed 9984K, reserved 1048576K
}
Event: 25733.779 GC heap before
{Heap before GC invocations=6159 (full 105):
 PSYoungGen      total 2560K, used 2335K [0x00000000eab00000, 0x00000000eb180000, 0x0000000100000000)
  eden space 2048K, 99% used [0x00000000eab00000,0x00000000eacffff0,0x00000000ead00000)
  from space 512K, 56% used [0x00000000eb080000,0x00000000eb0c8000,0x00000000eb100000)
  to   space 512K, 0% used [0x00000000eb100000,0x00000000eb100000,0x00000000eb180000)
 ParOldGen       total 196608K, used 140494K [0x00000000c0000000, 0x00000000cc000000, 0x00000000eab00000)
  object space 196608K, 71% used [0x00000000c0000000,0x00000000c8933a90,0x00000000cc000000)
 Metaspace       used 95159K, committed 96640K, reserved 1179648K
  class space    used 9408K, committed 9984K, reserved 1048576K
}
Event: 25733.781 GC heap after
{Heap after GC invocations=6159 (full 105):
 PSYoungGen      total 2560K, used 436K [0x00000000eab00000, 0x00000000eb180000, 0x0000000100000000)
  eden space 2048K, 0% used [0x00000000eab00000,0x00000000eab00000,0x00000000ead00000)
  from space 512K, 85% used [0x00000000eb100000,0x00000000eb16d200,0x00000000eb180000)
  to   space 512K, 0% used [0x00000000eb080000,0x00000000eb080000,0x00000000eb100000)
 ParOldGen       total 196608K, used 140766K [0x00000000c0000000, 0x00000000cc000000, 0x00000000eab00000)
  object space 196608K, 71% used [0x00000000c0000000,0x00000000c8977ab0,0x00000000cc000000)
 Metaspace       used 95159K, committed 96640K, reserved 1179648K
  class space    used 9408K, committed 9984K, reserved 1048576K
}
Event: 25733.794 GC heap before
{Heap before GC invocations=6160 (full 105):
 PSYoungGen      total 2560K, used 2484K [0x00000000eab00000, 0x00000000eb180000, 0x0000000100000000)
  eden space 2048K, 100% used [0x00000000eab00000,0x00000000ead00000,0x00000000ead00000)
  from space 512K, 85% used [0x00000000eb100000,0x00000000eb16d200,0x00000000eb180000)
  to   space 512K, 0% used [0x00000000eb080000,0x00000000eb080000,0x00000000eb100000)
 ParOldGen       total 196608K, used 140766K [0x00000000c0000000, 0x00000000cc000000, 0x00000000eab00000)
  object space 196608K, 71% used [0x00000000c0000000,0x00000000c8977ab0,0x00000000cc000000)
 Metaspace       used 95159K, committed 96640K, reserved 1179648K
  class space    used 9408K, committed 9984K, reserved 1048576K
}
Event: 25733.795 GC heap after
{Heap after GC invocations=6160 (full 105):
 PSYoungGen      total 2560K, used 480K [0x00000000eab00000, 0x00000000eb180000, 0x0000000100000000)
  eden space 2048K, 0% used [0x00000000eab00000,0x00000000eab00000,0x00000000ead00000)
  from space 512K, 93% used [0x00000000eb080000,0x00000000eb0f8000,0x00000000eb100000)
  to   space 512K, 0% used [0x00000000eb100000,0x00000000eb100000,0x00000000eb180000)
 ParOldGen       total 196608K, used 141132K [0x00000000c0000000, 0x00000000cc000000, 0x00000000eab00000)
  object space 196608K, 71% used [0x00000000c0000000,0x00000000c89d3120,0x00000000cc000000)
 Metaspace       used 95159K, committed 96640K, reserved 1179648K
  class space    used 9408K, committed 9984K, reserved 1048576K
}
Event: 25734.048 GC heap before
{Heap before GC invocations=6161 (full 105):
 PSYoungGen      total 2560K, used 2527K [0x00000000eab00000, 0x00000000eb180000, 0x0000000100000000)
  eden space 2048K, 99% used [0x00000000eab00000,0x00000000eacfffe8,0x00000000ead00000)
  from space 512K, 93% used [0x00000000eb080000,0x00000000eb0f8000,0x00000000eb100000)
  to   space 512K, 0% used [0x00000000eb100000,0x00000000eb100000,0x00000000eb180000)
 ParOldGen       total 196608K, used 141132K [0x00000000c0000000, 0x00000000cc000000, 0x00000000eab00000)
  object space 196608K, 71% used [0x00000000c0000000,0x00000000c89d3120,0x00000000cc000000)
 Metaspace       used 95159K, committed 96640K, reserved 1179648K
  class space    used 9408K, committed 9984K, reserved 1048576K
}
Event: 25734.049 GC heap after
{Heap after GC invocations=6161 (full 105):
 PSYoungGen      total 2560K, used 410K [0x00000000eab00000, 0x00000000eb180000, 0x0000000100000000)
  eden space 2048K, 0% used [0x00000000eab00000,0x00000000eab00000,0x00000000ead00000)
  from space 512K, 80% used [0x00000000eb100000,0x00000000eb166900,0x00000000eb180000)
  to   space 512K, 0% used [0x00000000eb080000,0x00000000eb080000,0x00000000eb100000)
 ParOldGen       total 196608K, used 141560K [0x00000000c0000000, 0x00000000cc000000, 0x00000000eab00000)
  object space 196608K, 72% used [0x00000000c0000000,0x00000000c8a3e130,0x00000000cc000000)
 Metaspace       used 95159K, committed 96640K, reserved 1179648K
  class space    used 9408K, committed 9984K, reserved 1048576K
}
Event: 25734.062 GC heap before
{Heap before GC invocations=6162 (full 105):
 PSYoungGen      total 2560K, used 2458K [0x00000000eab00000, 0x00000000eb180000, 0x0000000100000000)
  eden space 2048K, 99% used [0x00000000eab00000,0x00000000eacffff8,0x00000000ead00000)
  from space 512K, 80% used [0x00000000eb100000,0x00000000eb166900,0x00000000eb180000)
  to   space 512K, 0% used [0x00000000eb080000,0x00000000eb080000,0x00000000eb100000)
 ParOldGen       total 196608K, used 141560K [0x00000000c0000000, 0x00000000cc000000, 0x00000000eab00000)
  object space 196608K, 72% used [0x00000000c0000000,0x00000000c8a3e130,0x00000000cc000000)
 Metaspace       used 95159K, committed 96640K, reserved 1179648K
  class space    used 9408K, committed 9984K, reserved 1048576K
}
Event: 25734.064 GC heap after
{Heap after GC invocations=6162 (full 105):
 PSYoungGen      total 2560K, used 384K [0x00000000eab00000, 0x00000000eb180000, 0x0000000100000000)
  eden space 2048K, 0% used [0x00000000eab00000,0x00000000eab00000,0x00000000ead00000)
  from space 512K, 75% used [0x00000000eb080000,0x00000000eb0e0000,0x00000000eb100000)
  to   space 512K, 0% used [0x00000000eb100000,0x00000000eb100000,0x00000000eb180000)
 ParOldGen       total 196608K, used 141908K [0x00000000c0000000, 0x00000000cc000000, 0x00000000eab00000)
  object space 196608K, 72% used [0x00000000c0000000,0x00000000c8a95330,0x00000000cc000000)
 Metaspace       used 95159K, committed 96640K, reserved 1179648K
  class space    used 9408K, committed 9984K, reserved 1048576K
}
Event: 25734.083 GC heap before
{Heap before GC invocations=6163 (full 105):
 PSYoungGen      total 2560K, used 2432K [0x00000000eab00000, 0x00000000eb180000, 0x0000000100000000)
  eden space 2048K, 100% used [0x00000000eab00000,0x00000000ead00000,0x00000000ead00000)
  from space 512K, 75% used [0x00000000eb080000,0x00000000eb0e0000,0x00000000eb100000)
  to   space 512K, 0% used [0x00000000eb100000,0x00000000eb100000,0x00000000eb180000)
 ParOldGen       total 196608K, used 141908K [0x00000000c0000000, 0x00000000cc000000, 0x00000000eab00000)
  object space 196608K, 72% used [0x00000000c0000000,0x00000000c8a95330,0x00000000cc000000)
 Metaspace       used 95159K, committed 96640K, reserved 1179648K
  class space    used 9408K, committed 9984K, reserved 1048576K
}

Dll operation events (11 events):
Event: 0.043 Loaded shared library c:\Users\aisla\.vscode\extensions\redhat.java-1.18.0-win32-x64\jre\17.0.7-win32-x86_64\bin\java.dll
Event: 0.698 Loaded shared library c:\Users\aisla\.vscode\extensions\redhat.java-1.18.0-win32-x64\jre\17.0.7-win32-x86_64\bin\zip.dll
Event: 0.703 Loaded shared library C:\Users\aisla\.vscode\extensions\redhat.java-1.18.0-win32-x64\jre\17.0.7-win32-x86_64\bin\instrument.dll
Event: 0.840 Loaded shared library C:\Users\aisla\.vscode\extensions\redhat.java-1.18.0-win32-x64\jre\17.0.7-win32-x86_64\bin\net.dll
Event: 0.958 Loaded shared library C:\Users\aisla\.vscode\extensions\redhat.java-1.18.0-win32-x64\jre\17.0.7-win32-x86_64\bin\nio.dll
Event: 1.133 Loaded shared library C:\Users\aisla\.vscode\extensions\redhat.java-1.18.0-win32-x64\jre\17.0.7-win32-x86_64\bin\zip.dll
Event: 1.214 Loaded shared library C:\Users\aisla\.vscode\extensions\redhat.java-1.18.0-win32-x64\jre\17.0.7-win32-x86_64\bin\jimage.dll
Event: 1.434 Loaded shared library c:\Users\aisla\.vscode\extensions\redhat.java-1.18.0-win32-x64\jre\17.0.7-win32-x86_64\bin\verify.dll
Event: 9.297 Loaded shared library C:\Users\aisla\AppData\Roaming\Code\User\globalStorage\redhat.java\1.18.0\config_win\org.eclipse.equinox.launcher\org.eclipse.equinox.launcher.win32.win32.x86_64_1.2.700.v20221108-1024\eclipse_11801.dll
Event: 22.455 Loaded shared library C:\Users\aisla\AppData\Local\Temp\jna--1417437074\jna11729289952533745685.dll
Event: 169.645 Loaded shared library C:\Users\aisla\.vscode\extensions\redhat.java-1.18.0-win32-x64\jre\17.0.7-win32-x86_64\bin\sunmscapi.dll

Deoptimization events (20 events):
Event: 25719.198 Thread 0x0000019fe83de580 DEOPT PACKING pc=0x0000019fd8da0458 sp=0x0000004195cfe030
Event: 25719.198 Thread 0x0000019fe83de580 DEOPT UNPACKING pc=0x0000019fd74c66a3 sp=0x0000004195cfdfd8 mode 2
Event: 25719.431 Thread 0x0000019fe71e8bc0 Uncommon trap: trap_request=0xffffff45 fr.pc=0x0000019fd8d47174 relative=0x00000000000001b4
Event: 25719.431 Thread 0x0000019fe71e8bc0 Uncommon trap: reason=unstable_if action=reinterpret pc=0x0000019fd8d47174 method=org.eclipse.jdt.internal.compiler.lookup.SourceTypeBinding.fields()[Lorg/eclipse/jdt/internal/compiler/lookup/FieldBinding; @ 148 c2
Event: 25719.431 Thread 0x0000019fe71e8bc0 DEOPT PACKING pc=0x0000019fd8d47174 sp=0x00000041957fe6c0
Event: 25719.431 Thread 0x0000019fe71e8bc0 DEOPT UNPACKING pc=0x0000019fd74c66a3 sp=0x00000041957fe610 mode 2
Event: 25719.434 Thread 0x0000019fe71e8bc0 Uncommon trap: trap_request=0xffffff45 fr.pc=0x0000019fd8dae824 relative=0x0000000000001564
Event: 25719.434 Thread 0x0000019fe71e8bc0 Uncommon trap: reason=unstable_if action=reinterpret pc=0x0000019fd8dae824 method=org.eclipse.jdt.internal.compiler.ast.TypeDeclaration.resolve()V @ 898 c2
Event: 25719.434 Thread 0x0000019fe71e8bc0 DEOPT PACKING pc=0x0000019fd8dae824 sp=0x00000041957fe6b0
Event: 25719.434 Thread 0x0000019fe71e8bc0 DEOPT UNPACKING pc=0x0000019fd74c66a3 sp=0x00000041957fe608 mode 2
Event: 25719.464 Thread 0x0000019fe71e8bc0 DEOPT PACKING pc=0x0000019fd1c00e64 sp=0x00000041957fd870
Event: 25719.464 Thread 0x0000019fe71e8bc0 DEOPT UNPACKING pc=0x0000019fd74c6e43 sp=0x00000041957fcd48 mode 0
Event: 25723.758 Thread 0x0000019fe71e7880 Uncommon trap: trap_request=0xffffff45 fr.pc=0x0000019fd86c6a78 relative=0x0000000000000078
Event: 25723.758 Thread 0x0000019fe71e7880 Uncommon trap: reason=unstable_if action=reinterpret pc=0x0000019fd86c6a78 method=org.eclipse.jdt.internal.compiler.util.CharDeduplication$CacheReference.get()Ljava/lang/Object; @ 9 c2
Event: 25723.758 Thread 0x0000019fe71e7880 DEOPT PACKING pc=0x0000019fd86c6a78 sp=0x0000004194ffeb80
Event: 25723.758 Thread 0x0000019fe71e7880 DEOPT UNPACKING pc=0x0000019fd74c66a3 sp=0x0000004194ffeb00 mode 2
Event: 25733.658 Thread 0x0000019fe81ffc20 Uncommon trap: trap_request=0xffffff45 fr.pc=0x0000019fd8fed9bc relative=0x000000000000383c
Event: 25733.658 Thread 0x0000019fe81ffc20 Uncommon trap: reason=unstable_if action=reinterpret pc=0x0000019fd8fed9bc method=org.eclipse.jdt.internal.compiler.parser.diagnose.DiagnoseParser.diagnoseParse(Z)V @ 961 c2
Event: 25733.658 Thread 0x0000019fe81ffc20 DEOPT PACKING pc=0x0000019fd8fed9bc sp=0x00000041937fe2d0
Event: 25733.658 Thread 0x0000019fe81ffc20 DEOPT UNPACKING pc=0x0000019fd74c66a3 sp=0x00000041937fe258 mode 2

Classes unloaded (20 events):
Event: 25706.991 Thread 0x0000019fe10b5710 Unloading class 0x000000010029f000 'jdk/internal/reflect/GeneratedSerializationConstructorAccessor13'
Event: 25706.991 Thread 0x0000019fe10b5710 Unloading class 0x000000010029ec00 'jdk/internal/reflect/GeneratedSerializationConstructorAccessor12'
Event: 25706.991 Thread 0x0000019fe10b5710 Unloading class 0x000000010029cc00 'java/lang/invoke/LambdaForm$MH+0x000000010029cc00'
Event: 25706.991 Thread 0x0000019fe10b5710 Unloading class 0x000000010029b800 'jdk/internal/reflect/GeneratedMethodAccessor8'
Event: 25706.991 Thread 0x0000019fe10b5710 Unloading class 0x000000010029b400 'jdk/internal/reflect/GeneratedMethodAccessor7'
Event: 25706.991 Thread 0x0000019fe10b5710 Unloading class 0x000000010029b000 'jdk/internal/reflect/GeneratedSerializationConstructorAccessor11'
Event: 25706.991 Thread 0x0000019fe10b5710 Unloading class 0x000000010029ac00 'java/lang/invoke/LambdaForm$MH+0x000000010029ac00'
Event: 25706.992 Thread 0x0000019fe10b5710 Unloading class 0x000000010029a800 'jdk/internal/reflect/GeneratedSerializationConstructorAccessor10'
Event: 25706.992 Thread 0x0000019fe10b5710 Unloading class 0x000000010029a400 'jdk/internal/reflect/GeneratedSerializationConstructorAccessor9'
Event: 25706.992 Thread 0x0000019fe10b5710 Unloading class 0x0000000100292800 'java/lang/invoke/LambdaForm$MH+0x0000000100292800'
Event: 25706.992 Thread 0x0000019fe10b5710 Unloading class 0x0000000100292000 'java/lang/invoke/LambdaForm$MH+0x0000000100292000'
Event: 25706.992 Thread 0x0000019fe10b5710 Unloading class 0x000000010028e000 'jdk/internal/reflect/GeneratedSerializationConstructorAccessor8'
Event: 25706.992 Thread 0x0000019fe10b5710 Unloading class 0x000000010028dc00 'jdk/internal/reflect/GeneratedSerializationConstructorAccessor7'
Event: 25706.992 Thread 0x0000019fe10b5710 Unloading class 0x000000010028d800 'jdk/internal/reflect/GeneratedSerializationConstructorAccessor6'
Event: 25706.992 Thread 0x0000019fe10b5710 Unloading class 0x000000010028d400 'jdk/internal/reflect/GeneratedSerializationConstructorAccessor5'
Event: 25706.992 Thread 0x0000019fe10b5710 Unloading class 0x000000010028d000 'jdk/internal/reflect/GeneratedSerializationConstructorAccessor4'
Event: 25706.992 Thread 0x0000019fe10b5710 Unloading class 0x000000010028cc00 'jdk/internal/reflect/GeneratedSerializationConstructorAccessor3'
Event: 25706.992 Thread 0x0000019fe10b5710 Unloading class 0x000000010028c800 'jdk/internal/reflect/GeneratedSerializationConstructorAccessor2'
Event: 25706.992 Thread 0x0000019fe10b5710 Unloading class 0x000000010028c400 'jdk/internal/reflect/GeneratedSerializationConstructorAccessor1'
Event: 25706.993 Thread 0x0000019fe10b5710 Unloading class 0x00000001001d1000 'jdk/internal/reflect/GeneratedConstructorAccessor4'

Classes redefined (0 events):
No events

Internal exceptions (20 events):
Event: 3056.626 Thread 0x0000019fe71e7880 Exception <a 'sun/nio/fs/WindowsException'{0x00000000eab6bed0}> (0x00000000eab6bed0) 
thrown [s\src\hotspot\share\prims\jni.cpp, line 516]
Event: 3058.795 Thread 0x0000019fe83de580 Implicit null exception at 0x0000019fd884a320 to 0x0000019fd884b1e8
Event: 3064.014 Thread 0x0000019fe71e7880 Exception <a 'sun/nio/fs/WindowsException'{0x00000000eae19298}> (0x00000000eae19298) 
thrown [s\src\hotspot\share\prims\jni.cpp, line 516]
Event: 3064.295 Thread 0x0000019fe71e7880 Exception <a 'sun/nio/fs/WindowsException'{0x00000000eac95c70}> (0x00000000eac95c70) 
thrown [s\src\hotspot\share\prims\jni.cpp, line 516]
Event: 4463.678 Thread 0x0000019fe71e8bc0 Exception <a 'java/lang/reflect/InvocationTargetException'{0x00000000eabe3778}> (0x00000000eabe3778) 
thrown [s\src\hotspot\share\runtime\reflection.cpp, line 1121]
Event: 8393.842 Thread 0x0000019fe71e8bc0 Implicit null exception at 0x0000019fd83673e6 to 0x0000019fd8368098
Event: 25708.819 Thread 0x0000019fe81fe8e0 Implicit null exception at 0x0000019fd88f54ce to 0x0000019fd88f837c
Event: 25715.450 Thread 0x0000019fe90cbfa0 Implicit null exception at 0x0000019fd89d27cc to 0x0000019fd89d4088
Event: 25719.431 Thread 0x0000019fe71e8bc0 Exception <a 'java/lang/ArrayIndexOutOfBoundsException'{0x00000000ead2e730}> (0x00000000ead2e730) 
thrown [s\src\hotspot\share\runtime\sharedRuntime.cpp, line 628]
Event: 25719.434 Thread 0x0000019fe71e8bc0 Implicit null exception at 0x0000019fd8dad91a to 0x0000019fd8dae808
Event: 25719.457 Thread 0x0000019fe71e8bc0 Exception <a 'java/lang/ArrayIndexOutOfBoundsException'{0x00000000eabb8428}> (0x00000000eabb8428) 
thrown [s\src\hotspot\share\runtime\sharedRuntime.cpp, line 628]
Event: 25719.586 Thread 0x0000019fe71e8bc0 Exception <a 'java/lang/ArrayIndexOutOfBoundsException'{0x00000000eab14f70}> (0x00000000eab14f70) 
thrown [s\src\hotspot\share\runtime\sharedRuntime.cpp, line 628]
Event: 25719.604 Thread 0x0000019fe71e8bc0 Exception <a 'java/lang/ArrayIndexOutOfBoundsException'{0x00000000eac18878}> (0x00000000eac18878) 
thrown [s\src\hotspot\share\runtime\sharedRuntime.cpp, line 628]
Event: 25719.699 Thread 0x0000019fe71e8bc0 Exception <a 'java/lang/ArrayIndexOutOfBoundsException'{0x00000000eab412a8}> (0x00000000eab412a8) 
thrown [s\src\hotspot\share\runtime\sharedRuntime.cpp, line 628]
Event: 25719.718 Thread 0x0000019fe71e8bc0 Exception <a 'java/lang/ArrayIndexOutOfBoundsException'{0x00000000eac44790}> (0x00000000eac44790) 
thrown [s\src\hotspot\share\runtime\sharedRuntime.cpp, line 628]
Event: 25720.186 Thread 0x0000019fe90cbfa0 Exception <a 'java/lang/ArrayIndexOutOfBoundsException'{0x00000000eabf5ba8}> (0x00000000eabf5ba8) 
thrown [s\src\hotspot\share\runtime\sharedRuntime.cpp, line 628]
Event: 25720.208 Thread 0x0000019fe90cbfa0 Exception <a 'java/lang/ArrayIndexOutOfBoundsException'{0x00000000ead0f9a8}> (0x00000000ead0f9a8) 
thrown [s\src\hotspot\share\runtime\sharedRuntime.cpp, line 628]
Event: 25720.298 Thread 0x0000019fe81ffc20 Exception <a 'java/lang/ArrayIndexOutOfBoundsException'{0x00000000eac6dbd0}> (0x00000000eac6dbd0) 
thrown [s\src\hotspot\share\runtime\sharedRuntime.cpp, line 628]
Event: 25722.723 Thread 0x0000019fe71e7880 Exception <a 'sun/nio/fs/WindowsException'{0x00000000eab68a20}> (0x00000000eab68a20) 
thrown [s\src\hotspot\share\prims\jni.cpp, line 516]
Event: 25723.231 Thread 0x0000019fe71e7880 Exception <a 'sun/nio/fs/WindowsException'{0x00000000eae45cb0}> (0x00000000eae45cb0) 
thrown [s\src\hotspot\share\prims\jni.cpp, line 516]

VM Operations (20 events):
Event: 25733.542 Executing VM operation: ParallelGCFailedAllocation done
Event: 25733.559 Executing VM operation: ParallelGCFailedAllocation
Event: 25733.563 Executing VM operation: ParallelGCFailedAllocation done
Event: 25733.573 Executing VM operation: ParallelGCFailedAllocation
Event: 25733.575 Executing VM operation: ParallelGCFailedAllocation done
Event: 25733.645 Executing VM operation: ParallelGCFailedAllocation
Event: 25733.647 Executing VM operation: ParallelGCFailedAllocation done
Event: 25733.663 Executing VM operation: ParallelGCFailedAllocation
Event: 25733.665 Executing VM operation: ParallelGCFailedAllocation done
Event: 25733.674 Executing VM operation: ParallelGCFailedAllocation
Event: 25733.676 Executing VM operation: ParallelGCFailedAllocation done
Event: 25733.779 Executing VM operation: ParallelGCFailedAllocation
Event: 25733.781 Executing VM operation: ParallelGCFailedAllocation done
Event: 25733.793 Executing VM operation: ParallelGCFailedAllocation
Event: 25733.795 Executing VM operation: ParallelGCFailedAllocation done
Event: 25734.047 Executing VM operation: ParallelGCFailedAllocation
Event: 25734.050 Executing VM operation: ParallelGCFailedAllocation done
Event: 25734.062 Executing VM operation: ParallelGCFailedAllocation
Event: 25734.064 Executing VM operation: ParallelGCFailedAllocation done
Event: 25734.083 Executing VM operation: ParallelGCFailedAllocation

Events (20 events):
Event: 3614.800 Thread 0x0000019fe8203f80 Thread added: 0x0000019fe8203f80
Event: 3674.861 Thread 0x0000019fe8203f80 Thread exited: 0x0000019fe8203f80
Event: 4298.567 Thread 0x0000019fe82035e0 Thread added: 0x0000019fe82035e0
Event: 4298.580 Thread 0x0000019fe8200f60 Thread added: 0x0000019fe8200f60
Event: 4298.580 Thread 0x0000019fe81fedb0 Thread added: 0x0000019fe81fedb0
Event: 4298.623 Thread 0x0000019fe81fedb0 Thread exited: 0x0000019fe81fedb0
Event: 4298.623 Thread 0x0000019fe8200f60 Thread exited: 0x0000019fe8200f60
Event: 4298.624 Thread 0x0000019fe82035e0 Thread exited: 0x0000019fe82035e0
Event: 25705.661 Thread 0x0000019fe81ffc20 Thread added: 0x0000019fe81ffc20
Event: 25705.715 Thread 0x0000019fe81fd0d0 Thread added: 0x0000019fe81fd0d0
Event: 25705.748 Thread 0x0000019fe8201900 Thread added: 0x0000019fe8201900
Event: 25705.858 Thread 0x0000019fe8202770 Thread added: 0x0000019fe8202770
Event: 25708.481 Thread 0x0000019fe81fe8e0 Thread added: 0x0000019fe81fe8e0
Event: 25709.643 Thread 0x0000019fe8203f80 Thread added: 0x0000019fe8203f80
Event: 25713.251 Thread 0x0000019fe82035e0 Thread added: 0x0000019fe82035e0
Event: 25719.569 Thread 0x0000019fe8201430 Thread added: 0x0000019fe8201430
Event: 25723.603 loading class jdk/internal/module/IllegalAccessLogger
Event: 25723.604 loading class jdk/internal/module/IllegalAccessLogger done
Event: 25723.605 Thread 0x0000019fe8202c40 Thread added: 0x0000019fe8202c40
Event: 25723.623 Thread 0x0000019fe8202c40 Thread exited: 0x0000019fe8202c40


Dynamic libraries:
0x00007ff7b80e0000 - 0x00007ff7b80ee000 	c:\Users\aisla\.vscode\extensions\redhat.java-1.18.0-win32-x64\jre\17.0.7-win32-x86_64\bin\java.exe
0x00007ff8c8b10000 - 0x00007ff8c8d08000 	C:\Windows\SYSTEM32\ntdll.dll
0x00007ff8c6ec0000 - 0x00007ff8c6f7f000 	C:\Windows\System32\KERNEL32.DLL
0x00007ff8c6390000 - 0x00007ff8c6686000 	C:\Windows\System32\KERNELBASE.dll
0x00007ff8c61f0000 - 0x00007ff8c62f0000 	C:\Windows\System32\ucrtbase.dll
0x00007ff8bfcb0000 - 0x00007ff8bfcc7000 	c:\Users\aisla\.vscode\extensions\redhat.java-1.18.0-win32-x64\jre\17.0.7-win32-x86_64\bin\jli.dll
0x00007ff8c7220000 - 0x00007ff8c73bd000 	C:\Windows\System32\USER32.dll
0x00007ff8c6a40000 - 0x00007ff8c6a62000 	C:\Windows\System32\win32u.dll
0x00007ff8c6db0000 - 0x00007ff8c6ddc000 	C:\Windows\System32\GDI32.dll
0x00007ff8c6920000 - 0x00007ff8c6a35000 	C:\Windows\System32\gdi32full.dll
0x00007ff8c62f0000 - 0x00007ff8c638d000 	C:\Windows\System32\msvcp_win.dll
0x00007ff8b8ca0000 - 0x00007ff8b8cb9000 	c:\Users\aisla\.vscode\extensions\redhat.java-1.18.0-win32-x64\jre\17.0.7-win32-x86_64\bin\VCRUNTIME140.dll
0x00007ff8b7880000 - 0x00007ff8b7b1a000 	C:\Windows\WinSxS\amd64_microsoft.windows.common-controls_6595b64144ccf1df_6.0.19041.1110_none_60b5254171f9507e\COMCTL32.dll
0x00007ff8c70a0000 - 0x00007ff8c713e000 	C:\Windows\System32\msvcrt.dll
0x00007ff8c7150000 - 0x00007ff8c7180000 	C:\Windows\System32\IMM32.DLL
0x00007ff8a7970000 - 0x00007ff8a797c000 	c:\Users\aisla\.vscode\extensions\redhat.java-1.18.0-win32-x64\jre\17.0.7-win32-x86_64\bin\vcruntime140_1.dll
0x00007ff894540000 - 0x00007ff8945d1000 	c:\Users\aisla\.vscode\extensions\redhat.java-1.18.0-win32-x64\jre\17.0.7-win32-x86_64\bin\msvcp140.dll
0x00007ff86c310000 - 0x00007ff86cf58000 	c:\Users\aisla\.vscode\extensions\redhat.java-1.18.0-win32-x64\jre\17.0.7-win32-x86_64\bin\server\jvm.dll
0x00007ff8c7850000 - 0x00007ff8c78ff000 	C:\Windows\System32\ADVAPI32.dll
0x00007ff8c7180000 - 0x00007ff8c721c000 	C:\Windows\System32\sechost.dll
0x00007ff8c6c20000 - 0x00007ff8c6d46000 	C:\Windows\System32\RPCRT4.dll
0x00007ff8b76d0000 - 0x00007ff8b76d9000 	C:\Windows\SYSTEM32\WSOCK32.dll
0x00007ff8c7900000 - 0x00007ff8c796b000 	C:\Windows\System32\WS2_32.dll
0x00007ff8b5ed0000 - 0x00007ff8b5ef7000 	C:\Windows\SYSTEM32\WINMM.dll
0x00007ff8b6dd0000 - 0x00007ff8b6dda000 	C:\Windows\SYSTEM32\VERSION.dll
0x00007ff8c4070000 - 0x00007ff8c4082000 	C:\Windows\SYSTEM32\kernel.appcore.dll
0x00007ff8a6f80000 - 0x00007ff8a6f8a000 	c:\Users\aisla\.vscode\extensions\redhat.java-1.18.0-win32-x64\jre\17.0.7-win32-x86_64\bin\jimage.dll
0x00007ff8b1e40000 - 0x00007ff8b2024000 	C:\Windows\SYSTEM32\DBGHELP.DLL
0x00007ff8b1e00000 - 0x00007ff8b1e34000 	C:\Windows\SYSTEM32\dbgcore.DLL
0x00007ff8c6a70000 - 0x00007ff8c6af2000 	C:\Windows\System32\bcryptPrimitives.dll
0x00007ff8a6d00000 - 0x00007ff8a6d0e000 	c:\Users\aisla\.vscode\extensions\redhat.java-1.18.0-win32-x64\jre\17.0.7-win32-x86_64\bin\instrument.dll
0x00007ff894510000 - 0x00007ff894535000 	c:\Users\aisla\.vscode\extensions\redhat.java-1.18.0-win32-x64\jre\17.0.7-win32-x86_64\bin\java.dll
0x00007ff8944f0000 - 0x00007ff894508000 	c:\Users\aisla\.vscode\extensions\redhat.java-1.18.0-win32-x64\jre\17.0.7-win32-x86_64\bin\zip.dll
0x00007ff8c7d30000 - 0x00007ff8c8474000 	C:\Windows\System32\SHELL32.dll
0x00007ff8c4270000 - 0x00007ff8c4a03000 	C:\Windows\SYSTEM32\windows.storage.dll
0x00007ff8c74f0000 - 0x00007ff8c7844000 	C:\Windows\System32\combase.dll
0x00007ff8c5a90000 - 0x00007ff8c5abe000 	C:\Windows\SYSTEM32\Wldp.dll
0x00007ff8c85a0000 - 0x00007ff8c864d000 	C:\Windows\System32\SHCORE.dll
0x00007ff8c8480000 - 0x00007ff8c84d5000 	C:\Windows\System32\shlwapi.dll
0x00007ff8c6130000 - 0x00007ff8c614f000 	C:\Windows\SYSTEM32\profapi.dll
0x00007ff8944d0000 - 0x00007ff8944e9000 	C:\Users\aisla\.vscode\extensions\redhat.java-1.18.0-win32-x64\jre\17.0.7-win32-x86_64\bin\net.dll
0x00007ff8b9f90000 - 0x00007ff8ba09a000 	C:\Windows\SYSTEM32\WINHTTP.dll
0x00007ff8c5870000 - 0x00007ff8c58da000 	C:\Windows\system32\mswsock.dll
0x00007ff8944b0000 - 0x00007ff8944c5000 	C:\Users\aisla\.vscode\extensions\redhat.java-1.18.0-win32-x64\jre\17.0.7-win32-x86_64\bin\nio.dll
0x00007ff8a60f0000 - 0x00007ff8a6100000 	c:\Users\aisla\.vscode\extensions\redhat.java-1.18.0-win32-x64\jre\17.0.7-win32-x86_64\bin\verify.dll
0x00007ff8856f0000 - 0x00007ff88572e000 	C:\Users\aisla\AppData\Roaming\Code\User\globalStorage\redhat.java\1.18.0\config_win\org.eclipse.equinox.launcher\org.eclipse.equinox.launcher.win32.win32.x86_64_1.2.700.v20221108-1024\eclipse_11801.dll
0x00007ff8c7970000 - 0x00007ff8c7a9a000 	C:\Windows\System32\ole32.dll
0x00007ff8c5dd0000 - 0x00007ff8c5de8000 	C:\Windows\SYSTEM32\CRYPTSP.dll
0x00007ff8c51b0000 - 0x00007ff8c51e4000 	C:\Windows\system32\rsaenh.dll
0x00007ff8c68f0000 - 0x00007ff8c6917000 	C:\Windows\System32\bcrypt.dll
0x00007ff8c60f0000 - 0x00007ff8c611e000 	C:\Windows\SYSTEM32\USERENV.dll
0x00007ff8c5a00000 - 0x00007ff8c5a0c000 	C:\Windows\SYSTEM32\CRYPTBASE.dll
0x00007ff8c5580000 - 0x00007ff8c55bc000 	C:\Windows\SYSTEM32\IPHLPAPI.DLL
0x00007ff8c8ac0000 - 0x00007ff8c8ac8000 	C:\Windows\System32\NSI.dll
0x00007ff8bba40000 - 0x00007ff8bba57000 	C:\Windows\SYSTEM32\dhcpcsvc6.DLL
0x00007ff8bd670000 - 0x00007ff8bd68d000 	C:\Windows\SYSTEM32\dhcpcsvc.DLL
0x00007ff8c55c0000 - 0x00007ff8c568b000 	C:\Windows\SYSTEM32\DNSAPI.dll
0x00007ff8bf4c0000 - 0x00007ff8bf505000 	C:\Users\aisla\AppData\Local\Temp\jna--1417437074\jna11729289952533745685.dll
0x00007ff8c7140000 - 0x00007ff8c7148000 	C:\Windows\System32\PSAPI.DLL
0x00007ff8bf480000 - 0x00007ff8bf48e000 	C:\Users\aisla\.vscode\extensions\redhat.java-1.18.0-win32-x64\jre\17.0.7-win32-x86_64\bin\sunmscapi.dll
0x00007ff8c6690000 - 0x00007ff8c67ee000 	C:\Windows\System32\CRYPT32.dll
0x00007ff8c5b00000 - 0x00007ff8c5b28000 	C:\Windows\SYSTEM32\ncrypt.dll
0x00007ff8c5ac0000 - 0x00007ff8c5afb000 	C:\Windows\SYSTEM32\NTASN1.dll
0x00007ff8bb0c0000 - 0x00007ff8bb0c7000 	C:\Windows\system32\wshunix.dll
0x00007ff8b83f0000 - 0x00007ff8b83fa000 	C:\Windows\System32\rasadhlp.dll
0x00007ff8b93d0000 - 0x00007ff8b9452000 	C:\Windows\System32\fwpuclnt.dll

dbghelp: loaded successfully - version: 4.0.5 - missing functions: none
symbol engine: initialized successfully - sym options: 0x614 - pdb path: .;c:\Users\aisla\.vscode\extensions\redhat.java-1.18.0-win32-x64\jre\17.0.7-win32-x86_64\bin;C:\Windows\SYSTEM32;C:\Windows\WinSxS\amd64_microsoft.windows.common-controls_6595b64144ccf1df_6.0.19041.1110_none_60b5254171f9507e;c:\Users\aisla\.vscode\extensions\redhat.java-1.18.0-win32-x64\jre\17.0.7-win32-x86_64\bin\server;C:\Users\aisla\AppData\Roaming\Code\User\globalStorage\redhat.java\1.18.0\config_win\org.eclipse.equinox.launcher\org.eclipse.equinox.launcher.win32.win32.x86_64_1.2.700.v20221108-1024;C:\Users\aisla\AppData\Local\Temp\jna--1417437074

VM Arguments:
jvm_args: --add-modules=ALL-SYSTEM --add-opens=java.base/java.util=ALL-UNNAMED --add-opens=java.base/java.lang=ALL-UNNAMED --add-opens=java.base/sun.nio.fs=ALL-UNNAMED -Declipse.application=org.eclipse.jdt.ls.core.id1 -Dosgi.bundles.defaultStartLevel=4 -Declipse.product=org.eclipse.jdt.ls.core.product -Djava.import.generatesMetadataFilesAtProjectRoot=false -Dfile.encoding=utf8 -XX:+UseParallelGC -XX:GCTimeRatio=4 -XX:AdaptiveSizePolicyWeight=90 -Dsun.zip.disableMemoryMapping=true -Xmx1G -Xms100m -Xlog:disable -javaagent:c:\Users\aisla\.vscode\extensions\redhat.java-1.18.0-win32-x64\lombok\lombok-1.18.27.jar -XX:+HeapDumpOnOutOfMemoryError -XX:HeapDumpPath=c:\Users\aisla\AppData\Roaming\Code\User\workspaceStorage\81b473d69731b556923cd97e256f007c\redhat.java -Daether.dependencyCollector.impl=bf 
java_command: c:\Users\aisla\.vscode\extensions\redhat.java-1.18.0-win32-x64\server\plugins\org.eclipse.equinox.launcher_1.6.400.v20210924-0641.jar -configuration c:\Users\aisla\AppData\Roaming\Code\User\globalStorage\redhat.java\1.18.0\config_win -data c:\Users\aisla\AppData\Roaming\Code\User\workspaceStorage\81b473d69731b556923cd97e256f007c\redhat.java\jdt_ws
java_class_path (initial): c:\Users\aisla\.vscode\extensions\redhat.java-1.18.0-win32-x64\server\plugins\org.eclipse.equinox.launcher_1.6.400.v20210924-0641.jar
Launcher Type: SUN_STANDARD

[Global flags]
    uintx AdaptiveSizePolicyWeight                 = 90                                        {product} {command line}
     intx CICompilerCount                          = 3                                         {product} {ergonomic}
    uintx GCTimeRatio                              = 4                                         {product} {command line}
     bool HeapDumpOnOutOfMemoryError               = true                                   {manageable} {command line}
    ccstr HeapDumpPath                             = c:\Users\aisla\AppData\Roaming\Code\User\workspaceStorage\81b473d69731b556923cd97e256f007c\redhat.java         {manageable} {command line}
   size_t InitialHeapSize                          = 104857600                                 {product} {command line}
   size_t MaxHeapSize                              = 1073741824                                {product} {command line}
   size_t MaxNewSize                               = 357564416                                 {product} {ergonomic}
   size_t MinHeapDeltaBytes                        = 524288                                    {product} {ergonomic}
   size_t MinHeapSize                              = 104857600                                 {product} {command line}
   size_t NewSize                                  = 34603008                                  {product} {ergonomic}
    uintx NonNMethodCodeHeapSize                   = 5832780                                {pd product} {ergonomic}
    uintx NonProfiledCodeHeapSize                  = 122912730                              {pd product} {ergonomic}
   size_t OldSize                                  = 70254592                                  {product} {ergonomic}
    uintx ProfiledCodeHeapSize                     = 122912730                              {pd product} {ergonomic}
    uintx ReservedCodeCacheSize                    = 251658240                              {pd product} {ergonomic}
     bool SegmentedCodeCache                       = true                                      {product} {ergonomic}
   size_t SoftMaxHeapSize                          = 1073741824                             {manageable} {ergonomic}
     bool UseCompressedClassPointers               = true                           {product lp64_product} {ergonomic}
     bool UseCompressedOops                        = true                           {product lp64_product} {ergonomic}
     bool UseLargePagesIndividualAllocation        = false                                  {pd product} {ergonomic}
     bool UseParallelGC                            = true                                      {product} {command line}

Logging:
Log output configuration:
 #0: stdout all=off uptime,level,tags
 #1: stderr all=off uptime,level,tags

Environment Variables:
JAVA_HOME=C:\Program Files\Eclipse Adoptium\jdk-17.0.6.10-hotspot
PATH=C:\Program Files\Eclipse Adoptium\jdk-17.0.6.10-hotspot\bin;C:\Program Files\AdoptOpenJDK\jdk-8.0.282.8-hotspot\bin;C:\Windows\system32;C:\Windows;C:\Windows\System32\Wbem;C:\Windows\System32\WindowsPowerShell\v1.0\;C:\Windows\System32\OpenSSH\;%JAVA_HOME%\bin;C:\Program Files (x86)\Schneider Electric\Schneider Electric Software Installer\;C:\Program Files\nodejs\;C:\Program Files\Docker\Docker\resources\bin;C:\Program Files\Git\cmd;C:\Users\aisla\AppData\Local\Microsoft\WindowsApps;C:\Users\aisla\AppData\Local\Programs\Microsoft VS Code\bin;C:\Users\aisla\AppData\Roaming\npm;C:\apache-maven-3.9.1\bin;
USERNAME=aislan
OS=Windows_NT
PROCESSOR_IDENTIFIER=Intel64 Family 6 Model 42 Stepping 7, GenuineIntel
TMP=C:\Users\aisla\AppData\Local\Temp
TEMP=C:\Users\aisla\AppData\Local\Temp



---------------  S Y S T E M  ---------------

OS:
 Windows 10 , 64 bit Build 19041 (10.0.19041.2913)
OS uptime: 2 days 4:19 hours
Hyper-V role detected

CPU: total 4 (initial active 4) (2 cores per cpu, 2 threads per core) family 6 model 42 stepping 7 microcode 0x2f, cx8, cmov, fxsr, ht, mmx, sse, sse2, sse3, ssse3, sse4.1, sse4.2, popcnt, tsc, tscinvbit, avx, aes, clmul, vzeroupper, clflush, hv

Memory: 4k page, system-wide physical 8139M (1310M free)
TotalPageFile size 11463M (AvailPageFile size 1709M)
current process WorkingSet (physical memory assigned to process): 449M, peak: 522M
current process commit charge ("private bytes"): 513M, peak: 553M

vm_info: OpenJDK 64-Bit Server VM (17.0.7+7) for windows-amd64 JRE (17.0.7+7), built on Apr 18 2023 22:10:42 by "temurin" with MS VC++ 16.7 (VS2019)

END.
